{"numTotalTestSuites":32,"numPassedTestSuites":31,"numFailedTestSuites":1,"numPendingTestSuites":0,"numTotalTests":68,"numPassedTests":53,"numFailedTests":0,"numPendingTests":15,"numTodoTests":0,"snapshot":{"added":0,"failure":false,"filesAdded":0,"filesRemoved":0,"filesRemovedList":[],"filesUnmatched":0,"filesUpdated":0,"matched":0,"total":0,"unchecked":0,"uncheckedKeysByFile":[],"unmatched":0,"updated":0,"didUpdate":false},"startTime":1777797046318,"success":false,"testResults":[{"assertionResults":[{"ancestorTitles":["GET /api/auth/user — unauthenticated"],"fullName":"GET /api/auth/user — unauthenticated returns user: null when no session cookie is set","status":"passed","title":"returns user: null when no session cookie is set","duration":44.193318999999974,"failureMessages":[],"meta":{},"tags":[]},{"ancestorTitles":["GET /api/auth/google/available"],"fullName":"GET /api/auth/google/available returns 200 with available boolean","status":"passed","title":"returns 200 with available boolean","duration":9.342869999999948,"failureMessages":[],"meta":{},"tags":[]},{"ancestorTitles":["GET /api/auth/google — OAuth route shape"],"fullName":"GET /api/auth/google — OAuth route shape redirects to Google accounts when configured, or returns 503 when not","status":"passed","title":"redirects to Google accounts when configured, or returns 503 when not","duration":181.066417,"failureMessages":[],"meta":{},"tags":[]},{"ancestorTitles":["GET /api/auth/google — OAuth route shape"],"fullName":"GET /api/auth/google — OAuth route shape GET /api/auth/google/callback without OIDC cookies redirects safely or returns 503","status":"passed","title":"GET /api/auth/google/callback without OIDC cookies redirects safely or returns 503","duration":9.961248999999953,"failureMessages":[],"meta":{},"tags":[]},{"ancestorTitles":["POST /api/auth/signup"],"fullName":"POST /api/auth/signup rejects missing body","status":"passed","title":"rejects missing body","duration":40.9070700000002,"failureMessages":[],"meta":{},"tags":[]},{"ancestorTitles":["POST /api/auth/signup"],"fullName":"POST /api/auth/signup rejects a weak password","status":"passed","title":"rejects a weak password","duration":23.8048389999999,"failureMessages":[],"meta":{},"tags":[]},{"ancestorTitles":["POST /api/auth/signup"],"fullName":"POST /api/auth/signup creates a new user and returns 201 with user object","status":"passed","title":"creates a new user and returns 201 with user object","duration":446.7920509999999,"failureMessages":[],"meta":{},"tags":[]},{"ancestorTitles":["POST /api/auth/signup"],"fullName":"POST /api/auth/signup rejects duplicate email with 409","status":"passed","title":"rejects duplicate email with 409","duration":10.937400000000252,"failureMessages":[],"meta":{},"tags":[]},{"ancestorTitles":["POST /api/auth/login"],"fullName":"POST /api/auth/login returns 401 for wrong credentials","status":"passed","title":"returns 401 for wrong credentials","duration":371.18414200000007,"failureMessages":[],"meta":{},"tags":[]},{"ancestorTitles":["POST /api/auth/login"],"fullName":"POST /api/auth/login returns 200 and a session cookie for valid credentials","status":"passed","title":"returns 200 and a session cookie for valid credentials","duration":376.37585300000046,"failureMessages":[],"meta":{},"tags":[]},{"ancestorTitles":["POST /api/auth/login"],"fullName":"POST /api/auth/login returns 400 for missing email","status":"passed","title":"returns 400 for missing email","duration":15.136388999999326,"failureMessages":[],"meta":{},"tags":[]},{"ancestorTitles":["POST /api/auth/logout"],"fullName":"POST /api/auth/logout returns 200 with success: true","status":"passed","title":"returns 200 with success: true","duration":411.0424519999997,"failureMessages":[],"meta":{},"tags":[]},{"ancestorTitles":["GET /api/auth/user — authenticated"],"fullName":"GET /api/auth/user — authenticated returns the logged-in user when session is valid","status":"passed","title":"returns the logged-in user when session is valid","duration":21.116769999999633,"failureMessages":[],"meta":{},"tags":[]},{"ancestorTitles":["Auth guard on protected routes"],"fullName":"Auth guard on protected routes returns 401 on /api/ingredients without session","status":"passed","title":"returns 401 on /api/ingredients without session","duration":9.011139000000185,"failureMessages":[],"meta":{},"tags":[]},{"ancestorTitles":["Auth guard on protected routes"],"fullName":"Auth guard on protected routes returns 401 on /api/recipes without session","status":"passed","title":"returns 401 on /api/recipes without session","duration":8.282489999999598,"failureMessages":[],"meta":{},"tags":[]},{"ancestorTitles":["POST /api/auth/set-password"],"fullName":"POST /api/auth/set-password rejects missing body","status":"passed","title":"rejects missing body","duration":9.244020000000091,"failureMessages":[],"meta":{},"tags":[]},{"ancestorTitles":["POST /api/auth/set-password"],"fullName":"POST /api/auth/set-password rejects a weak password","status":"passed","title":"rejects a weak password","duration":15.093879999999444,"failureMessages":[],"meta":{},"tags":[]},{"ancestorTitles":["POST /api/auth/set-password"],"fullName":"POST /api/auth/set-password returns 404 for an unknown linkingId","status":"passed","title":"returns 404 for an unknown linkingId","duration":11.408588999999665,"failureMessages":[],"meta":{},"tags":[]},{"ancestorTitles":["POST /api/auth/set-password"],"fullName":"POST /api/auth/set-password happy path: sets the password, issues a session, and login works","status":"passed","title":"happy path: sets the password, issues a session, and login works","duration":835.7267830000001,"failureMessages":[],"meta":{},"tags":[]},{"ancestorTitles":["POST /api/auth/set-password"],"fullName":"POST /api/auth/set-password returns 409 when the user already has a password","status":"passed","title":"returns 409 when the user already has a password","duration":11.363169999999627,"failureMessages":[],"meta":{},"tags":[]},{"ancestorTitles":["POST /api/auth/set-password"],"fullName":"POST /api/auth/set-password returns 409 if called again after the password was set","status":"passed","title":"returns 409 if called again after the password was set","duration":9.194460000000618,"failureMessages":[],"meta":{},"tags":[]}],"startTime":1777797049139,"endTime":1777797052409.1946,"status":"passed","message":"","name":"/home/runner/workspace/tests/integration/auth.test.ts"},{"assertionResults":[{"ancestorTitles":["Business fixtures — companies table"],"fullName":"Business fixtures — companies table contains exactly 1 company with the correct id and name","status":"skipped","title":"contains exactly 1 company with the correct id and name","failureMessages":[],"meta":{},"tags":[]},{"ancestorTitles":["Business fixtures — companies table"],"fullName":"Business fixtures — companies table has a populated head_office jsonb blob","status":"skipped","title":"has a populated head_office jsonb blob","failureMessages":[],"meta":{},"tags":[]},{"ancestorTitles":["Business fixtures — venues table"],"fullName":"Business fixtures — venues table contains exactly 2 venues both linked to CNY-2976","status":"skipped","title":"contains exactly 2 venues both linked to CNY-2976","failureMessages":[],"meta":{},"tags":[]},{"ancestorTitles":["Business fixtures — venues table"],"fullName":"Business fixtures — venues table Black Jacks Smokehouse has 3 work areas in workareas blob","status":"skipped","title":"Black Jacks Smokehouse has 3 work areas in workareas blob","failureMessages":[],"meta":{},"tags":[]},{"ancestorTitles":["Business fixtures — venues table"],"fullName":"Business fixtures — venues table Gather & Graze has 4 work areas in workareas blob","status":"skipped","title":"Gather & Graze has 4 work areas in workareas blob","failureMessages":[],"meta":{},"tags":[]},{"ancestorTitles":["Business fixtures — employees (users table)"],"fullName":"Business fixtures — employees (users table) has 10 employees linked to CNY-2976","status":"skipped","title":"has 10 employees linked to CNY-2976","failureMessages":[],"meta":{},"tags":[]},{"ancestorTitles":["Business fixtures — employees (users table)"],"fullName":"Business fixtures — employees (users table) has 4 employees in Black Jacks Smokehouse","status":"skipped","title":"has 4 employees in Black Jacks Smokehouse","failureMessages":[],"meta":{},"tags":[]},{"ancestorTitles":["Business fixtures — employees (users table)"],"fullName":"Business fixtures — employees (users table) has 6 employees in Gather & Graze","status":"skipped","title":"has 6 employees in Gather & Graze","failureMessages":[],"meta":{},"tags":[]},{"ancestorTitles":["Business fixtures — employees (users table)"],"fullName":"Business fixtures — employees (users table) has 2 employees in Black Jacks kitchen (WAI-2976-3088)","status":"skipped","title":"has 2 employees in Black Jacks kitchen (WAI-2976-3088)","failureMessages":[],"meta":{},"tags":[]},{"ancestorTitles":["Business fixtures — employees (users table)"],"fullName":"Business fixtures — employees (users table) has 3 employees in Gather & Graze kitchen (WAI-2976-3188)","status":"skipped","title":"has 3 employees in Gather & Graze kitchen (WAI-2976-3188)","failureMessages":[],"meta":{},"tags":[]},{"ancestorTitles":["Business fixtures — Peter Griffin record"],"fullName":"Business fixtures — Peter Griffin record has a non-null password_hash","status":"skipped","title":"has a non-null password_hash","failureMessages":[],"meta":{},"tags":[]},{"ancestorTitles":["Business fixtures — Peter Griffin record"],"fullName":"Business fixtures — Peter Griffin record password_hash round-trips correctly via bcrypt.compare","status":"skipped","title":"password_hash round-trips correctly via bcrypt.compare","failureMessages":[],"meta":{},"tags":[]},{"ancestorTitles":["Business fixtures — Peter Griffin record"],"fullName":"Business fixtures — Peter Griffin record has admin and executive permissions","status":"skipped","title":"has admin and executive permissions","failureMessages":[],"meta":{},"tags":[]},{"ancestorTitles":["Business fixtures — Peter Griffin record"],"fullName":"Business fixtures — Peter Griffin record has a populated employment_details blob","status":"skipped","title":"has a populated employment_details blob","failureMessages":[],"meta":{},"tags":[]},{"ancestorTitles":["Business fixtures — idempotency (seed re-run)"],"fullName":"Business fixtures — idempotency (seed re-run) row counts are unchanged after running the seed a second time","status":"skipped","title":"row counts are unchanged after running the seed a second time","failureMessages":[],"meta":{},"tags":[]}],"startTime":1777797046318,"endTime":1777797046318,"status":"failed","message":"Failed query: insert into \"companies\" (\"id\", \"company_id\", \"company_name\", \"director_name\", \"acn\", \"admin_user_id\", \"head_office\", \"created_at\", \"updated_at\") values (default, $1, $2, $3, $4, $5, $6, default, default) on conflict (\"company_id\") do update set \"company_name\" = excluded.company_name, \"director_name\" = excluded.director_name, \"acn\" = excluded.acn, \"admin_user_id\" = excluded.admin_user_id, \"head_office\" = excluded.head_office, \"updated_at\" = now() returning \"company_id\"\nparams: CNY-2976,Melbourne Venue Co,Peter Griffin,123 456 789,EMP-2976-3088-308020,{\"address\":\"Level 10, 1 Collins Street\",\"suburb\":\"Melbourne\",\"state\":\"Victoria\",\"post_code\":\"3000\",\"contact\":\"+61396830000\"}","name":"/home/runner/workspace/tests/integration/business-fixtures.test.ts"},{"assertionResults":[{"ancestorTitles":["GET /api/ingredients"],"fullName":"GET /api/ingredients returns an array","status":"passed","title":"returns an array","duration":19.99230899999975,"failureMessages":[],"meta":{},"tags":[]},{"ancestorTitles":["GET /api/ingredients"],"fullName":"GET /api/ingredients supports search query param","status":"passed","title":"supports search query param","duration":16.041479999999865,"failureMessages":[],"meta":{},"tags":[]},{"ancestorTitles":["POST /api/ingredients"],"fullName":"POST /api/ingredients rejects invalid body with 400","status":"passed","title":"rejects invalid body with 400","duration":14.160350000000108,"failureMessages":[],"meta":{},"tags":[]},{"ancestorTitles":["POST /api/ingredients"],"fullName":"POST /api/ingredients creates a new ingredient and returns 201 with recipeUnitCost","status":"passed","title":"creates a new ingredient and returns 201 with recipeUnitCost","duration":20.500628999999662,"failureMessages":[],"meta":{},"tags":[]},{"ancestorTitles":["GET /api/ingredients/:id"],"fullName":"GET /api/ingredients/:id returns 404 for non-existent id","status":"passed","title":"returns 404 for non-existent id","duration":17.027770000000146,"failureMessages":[],"meta":{},"tags":[]},{"ancestorTitles":["GET /api/ingredients/:id"],"fullName":"GET /api/ingredients/:id returns the created ingredient by id","status":"passed","title":"returns the created ingredient by id","duration":14.827980000000025,"failureMessages":[],"meta":{},"tags":[]},{"ancestorTitles":["GET /api/ingredients/:id"],"fullName":"GET /api/ingredients/:id returns 400 for non-numeric id","status":"passed","title":"returns 400 for non-numeric id","duration":13.329439999999977,"failureMessages":[],"meta":{},"tags":[]},{"ancestorTitles":["PATCH /api/ingredients/:id"],"fullName":"PATCH /api/ingredients/:id updates the ingredient name","status":"passed","title":"updates the ingredient name","duration":18.182749000000058,"failureMessages":[],"meta":{},"tags":[]},{"ancestorTitles":["PATCH /api/ingredients/:id"],"fullName":"PATCH /api/ingredients/:id returns 404 for non-existent id","status":"passed","title":"returns 404 for non-existent id","duration":12.60786999999982,"failureMessages":[],"meta":{},"tags":[]},{"ancestorTitles":["DELETE /api/ingredients/:id"],"fullName":"DELETE /api/ingredients/:id deletes the ingredient and returns 204","status":"passed","title":"deletes the ingredient and returns 204","duration":15.208520000000135,"failureMessages":[],"meta":{},"tags":[]},{"ancestorTitles":["DELETE /api/ingredients/:id"],"fullName":"DELETE /api/ingredients/:id returns 404 for already-deleted ingredient","status":"passed","title":"returns 404 for already-deleted ingredient","duration":13.084618999999748,"failureMessages":[],"meta":{},"tags":[]}],"startTime":1777797053457,"endTime":1777797053633.0847,"status":"passed","message":"","name":"/home/runner/workspace/tests/integration/ingredients.test.ts"},{"assertionResults":[{"ancestorTitles":["POST /api/openai/generate-recipe"],"fullName":"POST /api/openai/generate-recipe returns 401 when not authenticated","status":"passed","title":"returns 401 when not authenticated","duration":11.06203000000005,"failureMessages":[],"meta":{},"tags":[]},{"ancestorTitles":["POST /api/openai/generate-recipe"],"fullName":"POST /api/openai/generate-recipe returns 400 when authenticated but body is missing required fields","status":"passed","title":"returns 400 when authenticated but body is missing required fields","duration":23.05453899999975,"failureMessages":[],"meta":{},"tags":[]},{"ancestorTitles":["POST /api/openai/generate-recipe"],"fullName":"POST /api/openai/generate-recipe returns 400 when body has invalid ingredient shape","status":"passed","title":"returns 400 when body has invalid ingredient shape","duration":15.969750000000204,"failureMessages":[],"meta":{},"tags":[]},{"ancestorTitles":["POST /api/openai/generate-recipe"],"fullName":"POST /api/openai/generate-recipe returns 200 with deterministic shape using mocked AI provider","status":"passed","title":"returns 200 with deterministic shape using mocked AI provider","duration":21.04276000000027,"failureMessages":[],"meta":{},"tags":[]},{"ancestorTitles":["POST /api/openai/generate-recipe"],"fullName":"POST /api/openai/generate-recipe returns 200 with title fallback when AI returns non-JSON","status":"passed","title":"returns 200 with title fallback when AI returns non-JSON","duration":18.43537900000001,"failureMessages":[],"meta":{},"tags":[]},{"ancestorTitles":["POST /api/openai/generate-recipe"],"fullName":"POST /api/openai/generate-recipe enforces per-user rate limit (quota) after 50 requests","status":"passed","title":"enforces per-user rate limit (quota) after 50 requests","duration":548.4280389999999,"failureMessages":[],"meta":{},"tags":[]}],"startTime":1777797049740,"endTime":1777797050378.428,"status":"passed","message":"","name":"/home/runner/workspace/tests/integration/openai.test.ts"},{"assertionResults":[{"ancestorTitles":["GET /api/recipes/stats/summary"],"fullName":"GET /api/recipes/stats/summary returns summary stats","status":"passed","title":"returns summary stats","duration":30.488850000000184,"failureMessages":[],"meta":{},"tags":[]},{"ancestorTitles":["GET /api/recipes"],"fullName":"GET /api/recipes returns an array of recipe summaries","status":"passed","title":"returns an array of recipe summaries","duration":19.373479000000316,"failureMessages":[],"meta":{},"tags":[]},{"ancestorTitles":["GET /api/recipes"],"fullName":"GET /api/recipes supports search query param","status":"passed","title":"supports search query param","duration":22.470630000000256,"failureMessages":[],"meta":{},"tags":[]},{"ancestorTitles":["GET /api/recipes"],"fullName":"GET /api/recipes supports tag filter","status":"passed","title":"supports tag filter","duration":21.487559000000147,"failureMessages":[],"meta":{},"tags":[]},{"ancestorTitles":["POST /api/recipes"],"fullName":"POST /api/recipes rejects missing required fields with 400","status":"passed","title":"rejects missing required fields with 400","duration":21.502770000000055,"failureMessages":[],"meta":{},"tags":[]},{"ancestorTitles":["POST /api/recipes"],"fullName":"POST /api/recipes creates a recipe and returns 201 with full recipe object","status":"passed","title":"creates a recipe and returns 201 with full recipe object","duration":23.924019000000044,"failureMessages":[],"meta":{},"tags":[]},{"ancestorTitles":["GET /api/recipes/:id"],"fullName":"GET /api/recipes/:id returns 404 for non-existent recipe","status":"passed","title":"returns 404 for non-existent recipe","duration":17.004590000000007,"failureMessages":[],"meta":{},"tags":[]},{"ancestorTitles":["GET /api/recipes/:id"],"fullName":"GET /api/recipes/:id returns the created recipe by id","status":"passed","title":"returns the created recipe by id","duration":26.677250000000186,"failureMessages":[],"meta":{},"tags":[]},{"ancestorTitles":["GET /api/recipes/:id"],"fullName":"GET /api/recipes/:id returns 400 for non-numeric id","status":"passed","title":"returns 400 for non-numeric id","duration":20.20184900000004,"failureMessages":[],"meta":{},"tags":[]},{"ancestorTitles":["PATCH /api/recipes/:id"],"fullName":"PATCH /api/recipes/:id updates the recipe title","status":"passed","title":"updates the recipe title","duration":16.558210000000145,"failureMessages":[],"meta":{},"tags":[]},{"ancestorTitles":["PATCH /api/recipes/:id"],"fullName":"PATCH /api/recipes/:id updates servings and recalculates costSummary","status":"passed","title":"updates servings and recalculates costSummary","duration":20.055729000000156,"failureMessages":[],"meta":{},"tags":[]},{"ancestorTitles":["PATCH /api/recipes/:id"],"fullName":"PATCH /api/recipes/:id returns 404 for non-existent recipe","status":"passed","title":"returns 404 for non-existent recipe","duration":14.119199999999637,"failureMessages":[],"meta":{},"tags":[]},{"ancestorTitles":["POST/GET /api/recipes with real ingredients (cost math end-to-end)"],"fullName":"POST/GET /api/recipes with real ingredients (cost math end-to-end) creates an ingredient + recipe and returns correct cost values via the API","status":"passed","title":"creates an ingredient + recipe and returns correct cost values via the API","duration":60.47397899999987,"failureMessages":[],"meta":{},"tags":[]},{"ancestorTitles":["DELETE /api/recipes/:id"],"fullName":"DELETE /api/recipes/:id deletes the recipe and returns 204","status":"passed","title":"deletes the recipe and returns 204","duration":22.38992899999994,"failureMessages":[],"meta":{},"tags":[]},{"ancestorTitles":["DELETE /api/recipes/:id"],"fullName":"DELETE /api/recipes/:id returns 404 for already-deleted recipe","status":"passed","title":"returns 404 for already-deleted recipe","duration":17.994990000000143,"failureMessages":[],"meta":{},"tags":[]}],"startTime":1777797051216,"endTime":1777797051572.9949,"status":"passed","message":"","name":"/home/runner/workspace/tests/integration/recipes.test.ts"}]}